# JRE version: OpenJDK Runtime Environment (8.0_242-b01) (build 1.8.0_242-release-1644-b01)
# Java VM: OpenJDK 64-Bit Server VM (25.242-b01 mixed mode windows-amd64 compressed oops)
Heap:
 PSYoungGen      total 398848K, used 26300K [0x00000000d5580000, 0x00000000f6000000, 0x0000000100000000)
  eden space 313344K, 3% used [0x00000000d5580000,0x00000000d6104408,0x00000000e8780000)
  from space 85504K, 16% used [0x00000000e8780000,0x00000000e95aaf90,0x00000000edb00000)
  to   space 84992K, 0% used [0x00000000f0d00000,0x00000000f0d00000,0x00000000f6000000)
 ParOldGen       total 223232K, used 168503K [0x0000000080000000, 0x000000008da00000, 0x00000000d5580000)
  object space 223232K, 75% used [0x0000000080000000,0x000000008a48ddc0,0x000000008da00000)
 Metaspace       used 112674K, capacity 120872K, committed 121240K, reserved 1155072K
  class space    used 14482K, capacity 15904K, committed 16024K, reserved 1048576K
GC Heap History (10 events):
Event: 3094.030 GC heap before
{Heap before GC invocations=38 (full 5):
 PSYoungGen      total 350208K, used 302005K [0x00000000d5580000, 0x00000000f0380000, 0x0000000100000000)
  eden space 284672K, 100% used [0x00000000d5580000,0x00000000e6b80000,0x00000000e6b80000)
  from space 65536K, 26% used [0x00000000ec380000,0x00000000ed46d478,0x00000000f0380000)
  to   space 77824K, 0% used [0x00000000e6b80000,0x00000000e6b80000,0x00000000eb780000)
 ParOldGen       total 223232K, used 167743K [0x0000000080000000, 0x000000008da00000, 0x00000000d5580000)
  object space 223232K, 75% used [0x0000000080000000,0x000000008a3cfd90,0x000000008da00000)
 Metaspace       used 110967K, capacity 119134K, committed 119448K, reserved 1153024K
  class space    used 14319K, capacity 15725K, committed 15768K, reserved 1048576K
Event: 3094.048 GC heap after
Heap after GC invocations=38 (full 5):
 PSYoungGen      total 288768K, used 15304K [0x00000000d5580000, 0x00000000ef780000, 0x0000000100000000)
  eden space 273408K, 0% used [0x00000000d5580000,0x00000000d5580000,0x00000000e6080000)
  from space 15360K, 99% used [0x00000000e6b80000,0x00000000e7a72060,0x00000000e7a80000)
  to   space 77312K, 0% used [0x00000000eac00000,0x00000000eac00000,0x00000000ef780000)
 ParOldGen       total 223232K, used 167751K [0x0000000080000000, 0x000000008da00000, 0x00000000d5580000)
  object space 223232K, 75% used [0x0000000080000000,0x000000008a3d1d90,0x000000008da00000)
 Metaspace       used 110967K, capacity 119134K, committed 119448K, reserved 1153024K
  class space    used 14319K, capacity 15725K, committed 15768K, reserved 1048576K
}
Event: 3094.916 GC heap before
{Heap before GC invocations=39 (full 5):
 PSYoungGen      total 288768K, used 282557K [0x00000000d5580000, 0x00000000ef780000, 0x0000000100000000)
  eden space 273408K, 97% used [0x00000000d5580000,0x00000000e5a7d4b0,0x00000000e6080000)
  from space 15360K, 99% used [0x00000000e6b80000,0x00000000e7a72060,0x00000000e7a80000)
  to   space 77312K, 0% used [0x00000000eac00000,0x00000000eac00000,0x00000000ef780000)
 ParOldGen       total 223232K, used 167751K [0x0000000080000000, 0x000000008da00000, 0x00000000d5580000)
  object space 223232K, 75% used [0x0000000080000000,0x000000008a3d1d90,0x000000008da00000)
 Metaspace       used 111021K, capacity 119202K, committed 119448K, reserved 1153024K
  class space    used 14319K, capacity 15725K, committed 15768K, reserved 1048576K
Event: 3094.999 GC heap after
Heap after GC invocations=39 (full 5):
 PSYoungGen      total 342528K, used 67429K [0x00000000d5580000, 0x00000000f3e80000, 0x0000000100000000)
  eden space 265216K, 0% used [0x00000000d5580000,0x00000000d5580000,0x00000000e5880000)
  from space 77312K, 87% used [0x00000000eac00000,0x00000000eedd9588,0x00000000ef780000)
  to   space 85504K, 0% used [0x00000000e5880000,0x00000000e5880000,0x00000000eac00000)
 ParOldGen       total 223232K, used 167751K [0x0000000080000000, 0x000000008da00000, 0x00000000d5580000)
  object space 223232K, 75% used [0x0000000080000000,0x000000008a3d1d90,0x000000008da00000)
 Metaspace       used 111021K, capacity 119202K, committed 119448K, reserved 1153024K
  class space    used 14319K, capacity 15725K, committed 15768K, reserved 1048576K
}
Event: 3157.484 GC heap before
{Heap before GC invocations=40 (full 5):
 PSYoungGen      total 342528K, used 332554K [0x00000000d5580000, 0x00000000f3e80000, 0x0000000100000000)
  eden space 265216K, 99% used [0x00000000d5580000,0x00000000e5869278,0x00000000e5880000)
  from space 77312K, 87% used [0x00000000eac00000,0x00000000eedd9588,0x00000000ef780000)
  to   space 85504K, 0% used [0x00000000e5880000,0x00000000e5880000,0x00000000eac00000)
 ParOldGen       total 223232K, used 167751K [0x0000000080000000, 0x000000008da00000, 0x00000000d5580000)
  object space 223232K, 75% used [0x0000000080000000,0x000000008a3d1d90,0x000000008da00000)
 Metaspace       used 111078K, capacity 119270K, committed 119448K, reserved 1153024K
  class space    used 14320K, capacity 15725K, committed 15768K, reserved 1048576K
Event: 3157.553 GC heap after
Heap after GC invocations=40 (full 5):
 PSYoungGen      total 350720K, used 63600K [0x00000000d5580000, 0x00000000f3b00000, 0x0000000100000000)
  eden space 265216K, 0% used [0x00000000d5580000,0x00000000d5580000,0x00000000e5880000)
  from space 85504K, 74% used [0x00000000e5880000,0x00000000e969c0e8,0x00000000eac00000)
  to   space 90112K, 0% used [0x00000000ee300000,0x00000000ee300000,0x00000000f3b00000)
 ParOldGen       total 223232K, used 167903K [0x0000000080000000, 0x000000008da00000, 0x00000000d5580000)
  object space 223232K, 75% used [0x0000000080000000,0x000000008a3f7dc0,0x000000008da00000)
 Metaspace       used 111078K, capacity 119270K, committed 119448K, reserved 1153024K
  class space    used 14320K, capacity 15725K, committed 15768K, reserved 1048576K
}
Event: 3273.093 GC heap before
{Heap before GC invocations=41 (full 5):
 PSYoungGen      total 350720K, used 328816K [0x00000000d5580000, 0x00000000f3b00000, 0x0000000100000000)
  eden space 265216K, 100% used [0x00000000d5580000,0x00000000e5880000,0x00000000e5880000)
  from space 85504K, 74% used [0x00000000e5880000,0x00000000e969c0e8,0x00000000eac00000)
  to   space 90112K, 0% used [0x00000000ee300000,0x00000000ee300000,0x00000000f3b00000)
 ParOldGen       total 223232K, used 167903K [0x0000000080000000, 0x000000008da00000, 0x00000000d5580000)
  object space 223232K, 75% used [0x0000000080000000,0x000000008a3f7dc0,0x000000008da00000)
 Metaspace       used 111155K, capacity 119348K, committed 119448K, reserved 1153024K
  class space    used 14322K, capacity 15726K, committed 15768K, reserved 1048576K
Event: 3273.138 GC heap after
Heap after GC invocations=41 (full 5):
 PSYoungGen      total 390656K, used 40524K [0x00000000d5580000, 0x00000000f2e80000, 0x0000000100000000)
  eden space 313344K, 0% used [0x00000000d5580000,0x00000000d5580000,0x00000000e8780000)
  from space 77312K, 52% used [0x00000000ee300000,0x00000000f0a933f8,0x00000000f2e80000)
  to   space 85504K, 0% used [0x00000000e8780000,0x00000000e8780000,0x00000000edb00000)
 ParOldGen       total 223232K, used 168439K [0x0000000080000000, 0x000000008da00000, 0x00000000d5580000)
  object space 223232K, 75% used [0x0000000080000000,0x000000008a47ddc0,0x000000008da00000)
 Metaspace       used 111155K, capacity 119348K, committed 119448K, reserved 1153024K
  class space    used 14322K, capacity 15726K, committed 15768K, reserved 1048576K
}
Event: 3916.585 GC heap before
{Heap before GC invocations=42 (full 5):
 PSYoungGen      total 390656K, used 353829K [0x00000000d5580000, 0x00000000f2e80000, 0x0000000100000000)
  eden space 313344K, 99% used [0x00000000d5580000,0x00000000e8776228,0x00000000e8780000)
  from space 77312K, 52% used [0x00000000ee300000,0x00000000f0a933f8,0x00000000f2e80000)
  to   space 85504K, 0% used [0x00000000e8780000,0x00000000e8780000,0x00000000edb00000)
 ParOldGen       total 223232K, used 168439K [0x0000000080000000, 0x000000008da00000, 0x00000000d5580000)
  object space 223232K, 75% used [0x0000000080000000,0x000000008a47ddc0,0x000000008da00000)
 Metaspace       used 112600K, capacity 120840K, committed 121112K, reserved 1155072K
  class space    used 14474K, capacity 15872K, committed 15896K, reserved 1048576K
Event: 3916.777 GC heap after
Heap after GC invocations=42 (full 5):
 PSYoungGen      total 398848K, used 14507K [0x00000000d5580000, 0x00000000f6000000, 0x0000000100000000)
  eden space 313344K, 0% used [0x00000000d5580000,0x00000000d5580000,0x00000000e8780000)
  from space 85504K, 16% used [0x00000000e8780000,0x00000000e95aaf90,0x00000000edb00000)
  to   space 84992K, 0% used [0x00000000f0d00000,0x00000000f0d00000,0x00000000f6000000)
 ParOldGen       total 223232K, used 168503K [0x0000000080000000, 0x000000008da00000, 0x00000000d5580000)
  object space 223232K, 75% used [0x0000000080000000,0x000000008a48ddc0,0x000000008da00000)
 Metaspace       used 112600K, capacity 120840K, committed 121112K, reserved 1155072K
  class space    used 14474K, capacity 15872K, committed 15896K, reserved 1048576K
}

